2023-05-18 10:05:23 INFO  HomePage :68 - Acceptcookies:[[ChromeDriver: chrome on WINDOWS (fd39ca8bf4229ffc76a5445ce980f809)] -> xpath: //button[@id='save']]
2023-05-18 10:05:192 INFO  HomePage :72 - Enter job title:[[ChromeDriver: chrome on WINDOWS (fd39ca8bf4229ffc76a5445ce980f809)] -> id: keywords]
2023-05-18 10:05:881 INFO  HomePage :76 - Enter location:[[ChromeDriver: chrome on WINDOWS (fd39ca8bf4229ffc76a5445ce980f809)] -> id: location]
2023-05-18 10:05:124 INFO  HomePage :80 - Select distance:[[ChromeDriver: chrome on WINDOWS (fd39ca8bf4229ffc76a5445ce980f809)] -> id: distance]
2023-05-18 10:05:285 INFO  HomePage :84 - Cliking on more search option:[[ChromeDriver: chrome on WINDOWS (fd39ca8bf4229ffc76a5445ce980f809)] -> id: toggle-hp-search]
2023-05-18 10:05:542 INFO  HomePage :88 - Enter min salary:[[ChromeDriver: chrome on WINDOWS (fd39ca8bf4229ffc76a5445ce980f809)] -> id: salarymin]
2023-05-18 10:05:677 INFO  HomePage :93 - Enter max salary:[[ChromeDriver: chrome on WINDOWS (fd39ca8bf4229ffc76a5445ce980f809)] -> id: salarymax]
2023-05-18 10:05:834 INFO  HomePage :97 - Select salary type from the dropdown:[[ChromeDriver: chrome on WINDOWS (fd39ca8bf4229ffc76a5445ce980f809)] -> id: salarytype]
2023-05-18 10:05:993 INFO  HomePage :101 - Select job type from the dropdown:[[ChromeDriver: chrome on WINDOWS (fd39ca8bf4229ffc76a5445ce980f809)] -> id: tempperm]
2023-05-18 10:05:164 INFO  HomePage :105 - Clicking on:[[ChromeDriver: chrome on WINDOWS (fd39ca8bf4229ffc76a5445ce980f809)] -> id: hp-search-btn]
2023-05-18 10:05:67 INFO  ResultPage :26 - Verify the result:[[ChromeDriver: chrome on WINDOWS (fd39ca8bf4229ffc76a5445ce980f809)] -> xpath: //h1[@class='search-header__title']]
2023-05-18 10:05:798 INFO  HomePage :68 - Acceptcookies:[[ChromeDriver: chrome on WINDOWS (0856197f29b1f77fc81b97f46df4fa2c)] -> xpath: //button[@id='save']]
2023-05-18 10:05:485 INFO  HomePage :72 - Enter job title:[[ChromeDriver: chrome on WINDOWS (0856197f29b1f77fc81b97f46df4fa2c)] -> id: keywords]
2023-05-18 10:05:702 INFO  HomePage :76 - Enter location:[[ChromeDriver: chrome on WINDOWS (0856197f29b1f77fc81b97f46df4fa2c)] -> id: location]
2023-05-18 10:05:888 INFO  HomePage :80 - Select distance:[[ChromeDriver: chrome on WINDOWS (0856197f29b1f77fc81b97f46df4fa2c)] -> id: distance]
2023-05-18 10:05:71 INFO  HomePage :84 - Cliking on more search option:[[ChromeDriver: chrome on WINDOWS (0856197f29b1f77fc81b97f46df4fa2c)] -> id: toggle-hp-search]
2023-05-18 10:05:319 INFO  HomePage :88 - Enter min salary:[[ChromeDriver: chrome on WINDOWS (0856197f29b1f77fc81b97f46df4fa2c)] -> id: salarymin]
2023-05-18 10:05:463 INFO  HomePage :93 - Enter max salary:[[ChromeDriver: chrome on WINDOWS (0856197f29b1f77fc81b97f46df4fa2c)] -> id: salarymax]
2023-05-18 10:05:616 INFO  HomePage :97 - Select salary type from the dropdown:[[ChromeDriver: chrome on WINDOWS (0856197f29b1f77fc81b97f46df4fa2c)] -> id: salarytype]
2023-05-18 10:05:774 INFO  HomePage :101 - Select job type from the dropdown:[[ChromeDriver: chrome on WINDOWS (0856197f29b1f77fc81b97f46df4fa2c)] -> id: tempperm]
2023-05-18 10:05:949 INFO  HomePage :105 - Clicking on:[[ChromeDriver: chrome on WINDOWS (0856197f29b1f77fc81b97f46df4fa2c)] -> id: hp-search-btn]
2023-05-18 10:05:238 INFO  ResultPage :26 - Verify the result:[[ChromeDriver: chrome on WINDOWS (0856197f29b1f77fc81b97f46df4fa2c)] -> xpath: //h1[@class='search-header__title']]
2023-05-18 10:05:250 INFO  HomePage :68 - Acceptcookies:[[ChromeDriver: chrome on WINDOWS (1ec585c73f27951daa25032e5dbd7810)] -> xpath: //button[@id='save']]
2023-05-18 10:05:957 INFO  HomePage :72 - Enter job title:[[ChromeDriver: chrome on WINDOWS (1ec585c73f27951daa25032e5dbd7810)] -> id: keywords]
2023-05-18 10:05:104 INFO  HomePage :76 - Enter location:[[ChromeDriver: chrome on WINDOWS (1ec585c73f27951daa25032e5dbd7810)] -> id: location]
2023-05-18 10:05:365 INFO  HomePage :80 - Select distance:[[ChromeDriver: chrome on WINDOWS (1ec585c73f27951daa25032e5dbd7810)] -> id: distance]
2023-05-18 10:05:541 INFO  HomePage :84 - Cliking on more search option:[[ChromeDriver: chrome on WINDOWS (1ec585c73f27951daa25032e5dbd7810)] -> id: toggle-hp-search]
2023-05-18 10:05:790 INFO  HomePage :88 - Enter min salary:[[ChromeDriver: chrome on WINDOWS (1ec585c73f27951daa25032e5dbd7810)] -> id: salarymin]
2023-05-18 10:05:928 INFO  HomePage :93 - Enter max salary:[[ChromeDriver: chrome on WINDOWS (1ec585c73f27951daa25032e5dbd7810)] -> id: salarymax]
2023-05-18 10:05:87 INFO  HomePage :97 - Select salary type from the dropdown:[[ChromeDriver: chrome on WINDOWS (1ec585c73f27951daa25032e5dbd7810)] -> id: salarytype]
2023-05-18 10:05:239 INFO  HomePage :101 - Select job type from the dropdown:[[ChromeDriver: chrome on WINDOWS (1ec585c73f27951daa25032e5dbd7810)] -> id: tempperm]
2023-05-18 10:05:414 INFO  HomePage :105 - Clicking on:[[ChromeDriver: chrome on WINDOWS (1ec585c73f27951daa25032e5dbd7810)] -> id: hp-search-btn]
2023-05-18 10:05:87 INFO  ResultPage :26 - Verify the result:[[ChromeDriver: chrome on WINDOWS (1ec585c73f27951daa25032e5dbd7810)] -> xpath: //h1[@class='search-header__title']]
2023-05-18 10:05:263 INFO  HomePage :68 - Acceptcookies:[[ChromeDriver: chrome on WINDOWS (9d80b558713e8c807e54746976735729)] -> xpath: //button[@id='save']]
2023-05-18 10:05:985 INFO  HomePage :72 - Enter job title:[[ChromeDriver: chrome on WINDOWS (9d80b558713e8c807e54746976735729)] -> id: keywords]
2023-05-18 10:05:164 INFO  HomePage :76 - Enter location:[[ChromeDriver: chrome on WINDOWS (9d80b558713e8c807e54746976735729)] -> id: location]
2023-05-18 10:05:389 INFO  HomePage :80 - Select distance:[[ChromeDriver: chrome on WINDOWS (9d80b558713e8c807e54746976735729)] -> id: distance]
2023-05-18 10:05:559 INFO  HomePage :84 - Cliking on more search option:[[ChromeDriver: chrome on WINDOWS (9d80b558713e8c807e54746976735729)] -> id: toggle-hp-search]
2023-05-18 10:05:813 INFO  HomePage :88 - Enter min salary:[[ChromeDriver: chrome on WINDOWS (9d80b558713e8c807e54746976735729)] -> id: salarymin]
2023-05-18 10:05:945 INFO  HomePage :93 - Enter max salary:[[ChromeDriver: chrome on WINDOWS (9d80b558713e8c807e54746976735729)] -> id: salarymax]
2023-05-18 10:05:92 INFO  HomePage :97 - Select salary type from the dropdown:[[ChromeDriver: chrome on WINDOWS (9d80b558713e8c807e54746976735729)] -> id: salarytype]
2023-05-18 10:05:233 INFO  HomePage :101 - Select job type from the dropdown:[[ChromeDriver: chrome on WINDOWS (9d80b558713e8c807e54746976735729)] -> id: tempperm]
2023-05-18 10:05:400 INFO  HomePage :105 - Clicking on:[[ChromeDriver: chrome on WINDOWS (9d80b558713e8c807e54746976735729)] -> id: hp-search-btn]
2023-05-18 10:05:376 INFO  ResultPage :26 - Verify the result:[[ChromeDriver: chrome on WINDOWS (9d80b558713e8c807e54746976735729)] -> xpath: //h1[@class='search-header__title']]
2023-05-18 10:05:917 INFO  HomePage :68 - Acceptcookies:[[ChromeDriver: chrome on WINDOWS (1909df90b127a1772760498ea4d553fd)] -> xpath: //button[@id='save']]
2023-05-18 10:05:711 INFO  HomePage :72 - Enter job title:[[ChromeDriver: chrome on WINDOWS (1909df90b127a1772760498ea4d553fd)] -> id: keywords]
2023-05-18 10:05:02 INFO  HomePage :76 - Enter location:[[ChromeDriver: chrome on WINDOWS (1909df90b127a1772760498ea4d553fd)] -> id: location]
2023-05-18 10:05:140 INFO  HomePage :80 - Select distance:[[ChromeDriver: chrome on WINDOWS (1909df90b127a1772760498ea4d553fd)] -> id: distance]
2023-05-18 10:05:330 INFO  HomePage :84 - Cliking on more search option:[[ChromeDriver: chrome on WINDOWS (1909df90b127a1772760498ea4d553fd)] -> id: toggle-hp-search]
2023-05-18 10:05:596 INFO  HomePage :88 - Enter min salary:[[ChromeDriver: chrome on WINDOWS (1909df90b127a1772760498ea4d553fd)] -> id: salarymin]
2023-05-18 10:05:745 INFO  HomePage :93 - Enter max salary:[[ChromeDriver: chrome on WINDOWS (1909df90b127a1772760498ea4d553fd)] -> id: salarymax]
2023-05-18 10:05:919 INFO  HomePage :97 - Select salary type from the dropdown:[[ChromeDriver: chrome on WINDOWS (1909df90b127a1772760498ea4d553fd)] -> id: salarytype]
2023-05-18 10:05:79 INFO  HomePage :101 - Select job type from the dropdown:[[ChromeDriver: chrome on WINDOWS (1909df90b127a1772760498ea4d553fd)] -> id: tempperm]
2023-05-18 10:05:264 INFO  HomePage :105 - Clicking on:[[ChromeDriver: chrome on WINDOWS (1909df90b127a1772760498ea4d553fd)] -> id: hp-search-btn]
2023-05-18 10:05:144 INFO  ResultPage :26 - Verify the result:[[ChromeDriver: chrome on WINDOWS (1909df90b127a1772760498ea4d553fd)] -> xpath: //h1[@class='search-header__title']]
2023-05-18 10:05:532 INFO  HomePage :68 - Acceptcookies:[[ChromeDriver: chrome on WINDOWS (84cabf4f0edd90cf1e4791094ca5cdae)] -> xpath: //button[@id='save']]
2023-05-18 10:05:176 INFO  HomePage :72 - Enter job title:[[ChromeDriver: chrome on WINDOWS (84cabf4f0edd90cf1e4791094ca5cdae)] -> id: keywords]
2023-05-18 10:05:337 INFO  HomePage :76 - Enter location:[[ChromeDriver: chrome on WINDOWS (84cabf4f0edd90cf1e4791094ca5cdae)] -> id: location]
2023-05-18 10:05:540 INFO  HomePage :80 - Select distance:[[ChromeDriver: chrome on WINDOWS (84cabf4f0edd90cf1e4791094ca5cdae)] -> id: distance]
2023-05-18 10:05:701 INFO  HomePage :84 - Cliking on more search option:[[ChromeDriver: chrome on WINDOWS (84cabf4f0edd90cf1e4791094ca5cdae)] -> id: toggle-hp-search]
2023-05-18 10:05:947 INFO  HomePage :88 - Enter min salary:[[ChromeDriver: chrome on WINDOWS (84cabf4f0edd90cf1e4791094ca5cdae)] -> id: salarymin]
2023-05-18 10:05:74 INFO  HomePage :93 - Enter max salary:[[ChromeDriver: chrome on WINDOWS (84cabf4f0edd90cf1e4791094ca5cdae)] -> id: salarymax]
2023-05-18 10:05:220 INFO  HomePage :97 - Select salary type from the dropdown:[[ChromeDriver: chrome on WINDOWS (84cabf4f0edd90cf1e4791094ca5cdae)] -> id: salarytype]
2023-05-18 10:05:354 INFO  HomePage :101 - Select job type from the dropdown:[[ChromeDriver: chrome on WINDOWS (84cabf4f0edd90cf1e4791094ca5cdae)] -> id: tempperm]
2023-05-18 10:05:520 INFO  HomePage :105 - Clicking on:[[ChromeDriver: chrome on WINDOWS (84cabf4f0edd90cf1e4791094ca5cdae)] -> id: hp-search-btn]
2023-05-18 10:05:72 INFO  ResultPage :26 - Verify the result:[[ChromeDriver: chrome on WINDOWS (84cabf4f0edd90cf1e4791094ca5cdae)] -> xpath: //h1[@class='search-header__title']]
2023-05-18 10:05:852 INFO  HomePage :66 - Acceptcookies:[[ChromeDriver: chrome on WINDOWS (bb8b7a7f4521c8679811a18166d15b87)] -> xpath: //button[@id='save']]
2023-05-18 10:05:402 INFO  HomePage :70 - Enter job title:[[ChromeDriver: chrome on WINDOWS (bb8b7a7f4521c8679811a18166d15b87)] -> id: keywords]
2023-05-18 10:05:575 INFO  HomePage :74 - Enter location:[[ChromeDriver: chrome on WINDOWS (bb8b7a7f4521c8679811a18166d15b87)] -> id: location]
2023-05-18 10:05:800 INFO  HomePage :78 - Select distance:[[ChromeDriver: chrome on WINDOWS (bb8b7a7f4521c8679811a18166d15b87)] -> id: distance]
2023-05-18 10:05:951 INFO  HomePage :82 - Cliking on more search option:[[ChromeDriver: chrome on WINDOWS (bb8b7a7f4521c8679811a18166d15b87)] -> id: toggle-hp-search]
2023-05-18 10:05:176 INFO  HomePage :86 - Enter min salary:[[ChromeDriver: chrome on WINDOWS (bb8b7a7f4521c8679811a18166d15b87)] -> id: salarymin]
2023-05-18 10:05:304 INFO  HomePage :91 - Enter max salary:[[ChromeDriver: chrome on WINDOWS (bb8b7a7f4521c8679811a18166d15b87)] -> id: salarymax]
2023-05-18 10:05:448 INFO  HomePage :95 - Select salary type from the dropdown:[[ChromeDriver: chrome on WINDOWS (bb8b7a7f4521c8679811a18166d15b87)] -> id: salarytype]
2023-05-18 10:05:586 INFO  HomePage :99 - Select job type from the dropdown:[[ChromeDriver: chrome on WINDOWS (bb8b7a7f4521c8679811a18166d15b87)] -> id: tempperm]
2023-05-18 10:05:741 INFO  HomePage :103 - Clicking on:[[ChromeDriver: chrome on WINDOWS (bb8b7a7f4521c8679811a18166d15b87)] -> id: hp-search-btn]
2023-05-18 10:05:541 INFO  ResultPage :26 - Verify the result:[[ChromeDriver: chrome on WINDOWS (bb8b7a7f4521c8679811a18166d15b87)] -> xpath: //h1[@class='search-header__title']]
2023-05-18 10:05:953 INFO  HomePage :66 - Acceptcookies:[[ChromeDriver: chrome on WINDOWS (1aea3039c705b968b8b6c58df580ac2b)] -> xpath: //button[@id='save']]
2023-05-18 10:05:653 INFO  HomePage :70 - Enter job title:[[ChromeDriver: chrome on WINDOWS (1aea3039c705b968b8b6c58df580ac2b)] -> id: keywords]
2023-05-18 10:05:852 INFO  HomePage :74 - Enter location:[[ChromeDriver: chrome on WINDOWS (1aea3039c705b968b8b6c58df580ac2b)] -> id: location]
2023-05-18 10:05:118 INFO  HomePage :78 - Select distance:[[ChromeDriver: chrome on WINDOWS (1aea3039c705b968b8b6c58df580ac2b)] -> id: distance]
2023-05-18 10:05:403 INFO  HomePage :82 - Cliking on more search option:[[ChromeDriver: chrome on WINDOWS (1aea3039c705b968b8b6c58df580ac2b)] -> id: toggle-hp-search]
2023-05-18 10:05:655 INFO  HomePage :86 - Enter min salary:[[ChromeDriver: chrome on WINDOWS (1aea3039c705b968b8b6c58df580ac2b)] -> id: salarymin]
2023-05-18 10:05:808 INFO  HomePage :91 - Enter max salary:[[ChromeDriver: chrome on WINDOWS (1aea3039c705b968b8b6c58df580ac2b)] -> id: salarymax]
2023-05-18 10:05:968 INFO  HomePage :95 - Select salary type from the dropdown:[[ChromeDriver: chrome on WINDOWS (1aea3039c705b968b8b6c58df580ac2b)] -> id: salarytype]
2023-05-18 10:05:126 INFO  HomePage :99 - Select job type from the dropdown:[[ChromeDriver: chrome on WINDOWS (1aea3039c705b968b8b6c58df580ac2b)] -> id: tempperm]
2023-05-18 10:05:298 INFO  HomePage :103 - Clicking on:[[ChromeDriver: chrome on WINDOWS (1aea3039c705b968b8b6c58df580ac2b)] -> id: hp-search-btn]
2023-05-18 10:05:643 INFO  ResultPage :26 - Verify the result:[[ChromeDriver: chrome on WINDOWS (1aea3039c705b968b8b6c58df580ac2b)] -> xpath: //h1[@class='search-header__title']]
2023-05-18 10:05:12 INFO  HomePage :66 - Acceptcookies:[[ChromeDriver: chrome on WINDOWS (a9104ff689aa0f6b20e91db04e6dfd3d)] -> xpath: //button[@id='save']]
2023-05-18 10:05:648 INFO  HomePage :70 - Enter job title:[[ChromeDriver: chrome on WINDOWS (a9104ff689aa0f6b20e91db04e6dfd3d)] -> id: keywords]
2023-05-18 10:05:766 INFO  HomePage :74 - Enter location:[[ChromeDriver: chrome on WINDOWS (a9104ff689aa0f6b20e91db04e6dfd3d)] -> id: location]
2023-05-18 10:05:972 INFO  HomePage :78 - Select distance:[[ChromeDriver: chrome on WINDOWS (a9104ff689aa0f6b20e91db04e6dfd3d)] -> id: distance]
2023-05-18 10:05:189 INFO  HomePage :82 - Cliking on more search option:[[ChromeDriver: chrome on WINDOWS (a9104ff689aa0f6b20e91db04e6dfd3d)] -> id: toggle-hp-search]
2023-05-18 10:05:400 INFO  HomePage :86 - Enter min salary:[[ChromeDriver: chrome on WINDOWS (a9104ff689aa0f6b20e91db04e6dfd3d)] -> id: salarymin]
2023-05-18 10:05:530 INFO  HomePage :91 - Enter max salary:[[ChromeDriver: chrome on WINDOWS (a9104ff689aa0f6b20e91db04e6dfd3d)] -> id: salarymax]
2023-05-18 10:05:671 INFO  HomePage :95 - Select salary type from the dropdown:[[ChromeDriver: chrome on WINDOWS (a9104ff689aa0f6b20e91db04e6dfd3d)] -> id: salarytype]
2023-05-18 10:05:841 INFO  HomePage :99 - Select job type from the dropdown:[[ChromeDriver: chrome on WINDOWS (a9104ff689aa0f6b20e91db04e6dfd3d)] -> id: tempperm]
2023-05-18 10:05:70 INFO  HomePage :103 - Clicking on:[[ChromeDriver: chrome on WINDOWS (a9104ff689aa0f6b20e91db04e6dfd3d)] -> id: hp-search-btn]
2023-05-18 10:05:905 INFO  ResultPage :26 - Verify the result:[[ChromeDriver: chrome on WINDOWS (a9104ff689aa0f6b20e91db04e6dfd3d)] -> xpath: //h1[@class='search-header__title']]
2023-05-18 10:05:806 INFO  HomePage :66 - Acceptcookies:[[ChromeDriver: chrome on WINDOWS (3f4bf6e009b22fb596ae97b9183c842f)] -> xpath: //button[@id='save']]
2023-05-18 10:05:363 INFO  HomePage :70 - Enter job title:[[ChromeDriver: chrome on WINDOWS (3f4bf6e009b22fb596ae97b9183c842f)] -> id: keywords]
2023-05-18 10:05:514 INFO  HomePage :74 - Enter location:[[ChromeDriver: chrome on WINDOWS (3f4bf6e009b22fb596ae97b9183c842f)] -> id: location]
2023-05-18 10:05:716 INFO  HomePage :78 - Select distance:[[ChromeDriver: chrome on WINDOWS (3f4bf6e009b22fb596ae97b9183c842f)] -> id: distance]
2023-05-18 10:05:848 INFO  HomePage :82 - Cliking on more search option:[[ChromeDriver: chrome on WINDOWS (3f4bf6e009b22fb596ae97b9183c842f)] -> id: toggle-hp-search]
2023-05-18 10:05:59 INFO  HomePage :86 - Enter min salary:[[ChromeDriver: chrome on WINDOWS (3f4bf6e009b22fb596ae97b9183c842f)] -> id: salarymin]
2023-05-18 10:05:184 INFO  HomePage :91 - Enter max salary:[[ChromeDriver: chrome on WINDOWS (3f4bf6e009b22fb596ae97b9183c842f)] -> id: salarymax]
2023-05-18 10:05:317 INFO  HomePage :95 - Select salary type from the dropdown:[[ChromeDriver: chrome on WINDOWS (3f4bf6e009b22fb596ae97b9183c842f)] -> id: salarytype]
2023-05-18 10:05:449 INFO  HomePage :99 - Select job type from the dropdown:[[ChromeDriver: chrome on WINDOWS (3f4bf6e009b22fb596ae97b9183c842f)] -> id: tempperm]
2023-05-18 10:05:600 INFO  HomePage :103 - Clicking on:[[ChromeDriver: chrome on WINDOWS (3f4bf6e009b22fb596ae97b9183c842f)] -> id: hp-search-btn]
2023-05-18 10:05:485 INFO  ResultPage :26 - Verify the result:[[ChromeDriver: chrome on WINDOWS (3f4bf6e009b22fb596ae97b9183c842f)] -> xpath: //h1[@class='search-header__title']]
2023-05-18 10:05:727 INFO  HomePage :66 - Acceptcookies:[[ChromeDriver: chrome on WINDOWS (cc282406038841a0bfdd21ac41670ee1)] -> xpath: //button[@id='save']]
2023-05-18 10:05:339 INFO  HomePage :70 - Enter job title:[[ChromeDriver: chrome on WINDOWS (cc282406038841a0bfdd21ac41670ee1)] -> id: keywords]
2023-05-18 10:05:545 INFO  HomePage :74 - Enter location:[[ChromeDriver: chrome on WINDOWS (cc282406038841a0bfdd21ac41670ee1)] -> id: location]
2023-05-18 10:05:657 INFO  HomePage :78 - Select distance:[[ChromeDriver: chrome on WINDOWS (cc282406038841a0bfdd21ac41670ee1)] -> id: distance]
2023-05-18 10:05:923 INFO  HomePage :82 - Cliking on more search option:[[ChromeDriver: chrome on WINDOWS (cc282406038841a0bfdd21ac41670ee1)] -> id: toggle-hp-search]
2023-05-18 10:05:75 INFO  HomePage :86 - Enter min salary:[[ChromeDriver: chrome on WINDOWS (cc282406038841a0bfdd21ac41670ee1)] -> id: salarymin]
2023-05-18 10:05:198 INFO  HomePage :91 - Enter max salary:[[ChromeDriver: chrome on WINDOWS (cc282406038841a0bfdd21ac41670ee1)] -> id: salarymax]
2023-05-18 10:05:350 INFO  HomePage :95 - Select salary type from the dropdown:[[ChromeDriver: chrome on WINDOWS (cc282406038841a0bfdd21ac41670ee1)] -> id: salarytype]
2023-05-18 10:05:483 INFO  HomePage :99 - Select job type from the dropdown:[[ChromeDriver: chrome on WINDOWS (cc282406038841a0bfdd21ac41670ee1)] -> id: tempperm]
2023-05-18 10:05:644 INFO  HomePage :103 - Clicking on:[[ChromeDriver: chrome on WINDOWS (cc282406038841a0bfdd21ac41670ee1)] -> id: hp-search-btn]
2023-05-18 10:05:747 INFO  ResultPage :26 - Verify the result:[[ChromeDriver: chrome on WINDOWS (cc282406038841a0bfdd21ac41670ee1)] -> xpath: //h1[@class='search-header__title']]
2023-05-18 10:05:702 INFO  HomePage :66 - Acceptcookies:[[ChromeDriver: chrome on WINDOWS (e65f6608032e62408a54ad080bfe1f32)] -> xpath: //button[@id='save']]
2023-05-18 10:05:193 INFO  HomePage :70 - Enter job title:[[ChromeDriver: chrome on WINDOWS (e65f6608032e62408a54ad080bfe1f32)] -> id: keywords]
2023-05-18 10:05:422 INFO  HomePage :74 - Enter location:[[ChromeDriver: chrome on WINDOWS (e65f6608032e62408a54ad080bfe1f32)] -> id: location]
2023-05-18 10:05:634 INFO  HomePage :78 - Select distance:[[ChromeDriver: chrome on WINDOWS (e65f6608032e62408a54ad080bfe1f32)] -> id: distance]
2023-05-18 10:05:780 INFO  HomePage :82 - Cliking on more search option:[[ChromeDriver: chrome on WINDOWS (e65f6608032e62408a54ad080bfe1f32)] -> id: toggle-hp-search]
2023-05-18 10:05:24 INFO  HomePage :86 - Enter min salary:[[ChromeDriver: chrome on WINDOWS (e65f6608032e62408a54ad080bfe1f32)] -> id: salarymin]
2023-05-18 10:05:148 INFO  HomePage :91 - Enter max salary:[[ChromeDriver: chrome on WINDOWS (e65f6608032e62408a54ad080bfe1f32)] -> id: salarymax]
2023-05-18 10:05:276 INFO  HomePage :95 - Select salary type from the dropdown:[[ChromeDriver: chrome on WINDOWS (e65f6608032e62408a54ad080bfe1f32)] -> id: salarytype]
2023-05-18 10:05:402 INFO  HomePage :99 - Select job type from the dropdown:[[ChromeDriver: chrome on WINDOWS (e65f6608032e62408a54ad080bfe1f32)] -> id: tempperm]
2023-05-18 10:05:553 INFO  HomePage :103 - Clicking on:[[ChromeDriver: chrome on WINDOWS (e65f6608032e62408a54ad080bfe1f32)] -> id: hp-search-btn]
2023-05-18 10:05:537 INFO  ResultPage :26 - Verify the result:[[ChromeDriver: chrome on WINDOWS (e65f6608032e62408a54ad080bfe1f32)] -> xpath: //h1[@class='search-header__title']]
